2018-05-15 22:52:03,232:WARNING:p1.m1:f1 warning
2018-05-15 22:52:03,232:ERROR:p1.m1:f1 error
2018-05-15 22:52:03,232:WARNING:p1.m1:f2 warning
2018-05-15 22:52:03,232:ERROR:p1.m1:f2 error
2018-05-15 22:52:03,234:WARNING:p1.m3:f5 warning
2018-05-15 22:52:03,234:ERROR:p1.m3:f5 error
2018-05-15 22:53:50,286:WARNING:p1.m1:f1 warning
2018-05-15 22:53:50,286:ERROR:p1.m1:f1 error
2018-05-15 22:53:50,287:WARNING:p1.m1:f2 warning
2018-05-15 22:53:50,287:ERROR:p1.m1:f2 error
2018-05-15 22:53:50,288:WARNING:p1.m3:f5 warning
2018-05-15 22:53:50,288:ERROR:p1.m3:f5 error
2018-05-15 22:56:23,185:DEBUG:p1.m1:entering f1
2018-05-15 22:56:23,186:INFO:p1.m1:f1 info
2018-05-15 22:56:23,186:WARNING:p1.m1:f1 warning
2018-05-15 22:56:23,186:ERROR:p1.m1:f1 error
2018-05-15 22:56:23,187:DEBUG:p1.m1:exiting f1
2018-05-15 22:56:23,255:DEBUG:p1.m1:entering f1
2018-05-15 22:56:23,256:INFO:p1.m1:f1 info
2018-05-15 22:56:23,256:WARNING:p1.m1:f1 warning
2018-05-15 22:56:23,256:ERROR:p1.m1:f1 error
2018-05-15 22:56:23,256:DEBUG:p1.m1:exiting f1
2018-05-15 22:56:23,256:DEBUG:p1.m1:entering to f2
2018-05-15 22:56:23,257:INFO:p1.m1:f2 info
2018-05-15 22:56:23,257:WARNING:p1.m1:f2 warning
2018-05-15 22:56:23,257:ERROR:p1.m1:f2 error
2018-05-15 22:56:23,257:DEBUG:p1.m1:exiting f2
2018-05-15 22:56:23,260:DEBUG:p1.m3:entering to f5
2018-05-15 22:56:23,260:INFO:p1.m3:f5 info
2018-05-15 22:56:23,260:WARNING:p1.m3:f5 warning
2018-05-15 22:56:23,261:ERROR:p1.m3:f5 error
2018-05-15 22:56:23,261:DEBUG:p1.m3:exiting f5
